<?xml version="1.0" encoding="UTF-8"?>
<Site BuildName="(empty)"
	BuildStamp="20250423-1546-Experimental"
	Name="(empty)"
	Generator="ctest-4.0.1"
	CompilerName=""
	CompilerVersion=""
	OSName="Linux"
	Hostname="archlinux"
	OSRelease="6.12.24-1-lts"
	OSVersion="#1 SMP PREEMPT_DYNAMIC Sun, 20 Apr 2025 08:45:23 +0000"
	OSPlatform="x86_64"
	Is64Bits="1"
	VendorString="AuthenticAMD"
	VendorID="Advanced Micro Devices"
	FamilyID="23"
	ModelID="104"
	ModelName="AMD Ryzen 7 5700U with Radeon Graphics"
	ProcessorCacheSize="512"
	NumberOfLogicalCPU="16"
	NumberOfPhysicalCPU="8"
	TotalVirtualMemory="0"
	TotalPhysicalMemory="13818"
	LogicalProcessorsPerPhysical="2"
	ProcessorClockFrequency="1880.41"
	>
	<Testing>
		<StartDateTime>Apr 24 07:48 CEST</StartDateTime>
		<StartTestTime>1745473711</StartTestTime>
		<TestList/>
		<EndDateTime>Apr 24 07:48 CEST</EndDateTime>
		<EndTestTime>1745473711</EndTestTime>
		<ElapsedMinutes>0</ElapsedMinutes>
	</Testing>
</Site>
