<?xml version="1.0" encoding="UTF-8"?>
<Site BuildName="(empty)"
	BuildStamp="20250409-1110-Experimental"
	Name="(empty)"
	Generator="ctest-4.0.0"
	CompilerName=""
	CompilerVersion=""
	OSName="Linux"
	Hostname="archlinux"
	OSRelease="6.12.22-1-lts"
	OSVersion="#1 SMP PREEMPT_DYNAMIC Tue, 08 Apr 2025 06:20:12 +0000"
	OSPlatform="x86_64"
	Is64Bits="1"
	VendorString="AuthenticAMD"
	VendorID="Advanced Micro Devices"
	FamilyID="23"
	ModelID="104"
	ModelName="AMD Ryzen 7 5700U with Radeon Graphics"
	ProcessorCacheSize="512"
	NumberOfLogicalCPU="16"
	NumberOfPhysicalCPU="8"
	TotalVirtualMemory="0"
	TotalPhysicalMemory="13818"
	LogicalProcessorsPerPhysical="2"
	ProcessorClockFrequency="1826.37"
	>
	<Testing>
		<StartDateTime>Apr 09 14:54 CEST</StartDateTime>
		<StartTestTime>1744203263</StartTestTime>
		<TestList>
			<Test>/home/dario/universidad/eedd/p4/priority_queue/TestPQueue</Test>
		</TestList>
		<Test Status="failed">
			<Name>TestPQueue</Name>
			<Path>/home/dario/universidad/eedd/p4/priority_queue</Path>
			<FullName>/home/dario/universidad/eedd/p4/priority_queue/TestPQueue</FullName>
			<FullCommandLine>/usr/bin/python3.13 "run_tests.py" "/home/dario/universidad/eedd/p4/priority_queue/build//test_pqueue" "04_pqueue"</FullCommandLine>
			<Results>
				<NamedMeasurement type="text/string" name="Exit Code">
					<Value>Failed</Value>
				</NamedMeasurement>
				<NamedMeasurement type="text/string" name="Exit Value">
					<Value>1</Value>
				</NamedMeasurement>
				<NamedMeasurement type="numeric/double" name="Execution Time">
					<Value>0.73815</Value>
				</NamedMeasurement>
				<NamedMeasurement type="numeric/double" name="Processors">
					<Value>1</Value>
				</NamedMeasurement>
				<NamedMeasurement type="text/string" name="Completion Status">
					<Value>Completed</Value>
				</NamedMeasurement>
				<NamedMeasurement type="text/string" name="Command Line">
					<Value>/usr/bin/python3.13 "run_tests.py" "/home/dario/universidad/eedd/p4/priority_queue/build//test_pqueue" "04_pqueue"</Value>
				</NamedMeasurement>
				<NamedMeasurement type="text/string" name="Environment">
					<Value>#CTEST_RESOURCE_GROUP_COUNT=</Value>
				</NamedMeasurement>
				<Measurement>
					<Value encoding="base64" compression="gzip">eJztlMFOwzAQRO/5hV7mBK0QsdOmHCyCxB+A5FuFQlRvyUqNbWynCL6eJG0PHPoF9Liamd3xO1hTTAi9tWw/FGRZ+8+eehJSIs9zzDarZadHj29iJJPPNrLL9KVQcQ4Vx9COLceWDL44taAQXMDWGcL9w7QoDaZTWEG0riNhmsBO9JYPFCKbxggiY4QvhR+EwOm7Ph77O9bc+bz1Xq2lwsGxwctJfx3lR/2kFNnJOt86O3TTNwtspl4aFdimN4Xn4Y0hsbN4j/xD8wWqCm5v6nHCHYpb7BreDxyyyxCWVwhCrq4QhCz/EYRCrDH2j+efIvsFLnl/PQ==</Value>
				</Measurement>
			</Results>
		</Test>
		<EndDateTime>Apr 09 14:54 CEST</EndDateTime>
		<EndTestTime>1744203263</EndTestTime>
		<ElapsedMinutes>0</ElapsedMinutes>
	</Testing>
</Site>
