<?xml version="1.0" encoding="UTF-8"?>
<Site BuildName="(empty)"
	BuildStamp="20250409-1110-Experimental"
	Name="(empty)"
	Generator="ctest-4.0.1"
	CompilerName=""
	CompilerVersion=""
	OSName="Linux"
	Hostname="archlinux"
	OSRelease="6.12.24-1-lts"
	OSVersion="#1 SMP PREEMPT_DYNAMIC Sun, 20 Apr 2025 08:45:23 +0000"
	OSPlatform="x86_64"
	Is64Bits="1"
	VendorString="AuthenticAMD"
	VendorID="Advanced Micro Devices"
	FamilyID="23"
	ModelID="104"
	ModelName="AMD Ryzen 7 5700U with Radeon Graphics"
	ProcessorCacheSize="512"
	NumberOfLogicalCPU="16"
	NumberOfPhysicalCPU="8"
	TotalVirtualMemory="0"
	TotalPhysicalMemory="13818"
	LogicalProcessorsPerPhysical="2"
	ProcessorClockFrequency="4298.33"
	>
	<Testing>
		<StartDateTime>Apr 23 17:34 CEST</StartDateTime>
		<StartTestTime>1745422442</StartTestTime>
		<TestList>
			<Test>/home/dario/universidad/eedd/p4/priority_queue/TestPQueue</Test>
		</TestList>
		<Test Status="passed">
			<Name>TestPQueue</Name>
			<Path>/home/dario/universidad/eedd/p4/priority_queue</Path>
			<FullName>/home/dario/universidad/eedd/p4/priority_queue/TestPQueue</FullName>
			<FullCommandLine>/usr/bin/python3.13 "run_tests.py" "/home/dario/universidad/eedd/p4/priority_queue/build//test_pqueue" "04_pqueue"</FullCommandLine>
			<Results>
				<NamedMeasurement type="numeric/double" name="Execution Time">
					<Value>0.0465288</Value>
				</NamedMeasurement>
				<NamedMeasurement type="numeric/double" name="Processors">
					<Value>1</Value>
				</NamedMeasurement>
				<NamedMeasurement type="text/string" name="Completion Status">
					<Value>Completed</Value>
				</NamedMeasurement>
				<NamedMeasurement type="text/string" name="Command Line">
					<Value>/usr/bin/python3.13 "run_tests.py" "/home/dario/universidad/eedd/p4/priority_queue/build//test_pqueue" "04_pqueue"</Value>
				</NamedMeasurement>
				<NamedMeasurement type="text/string" name="Environment">
					<Value>#CTEST_RESOURCE_GROUP_COUNT=</Value>
				</NamedMeasurement>
				<Measurement>
					<Value encoding="base64" compression="gzip">eJwLSS0uUSgqzcvLzEu3UjAwiS8oLE0tTdU3MFDQ09NTkI42NsoNAakpSCwuTk3Rk442yOUKwaXJkBxNRuRoMiZHkwkeTab6pgolQMFimCgXAK/PWOo=</Value>
				</Measurement>
			</Results>
		</Test>
		<EndDateTime>Apr 23 17:34 CEST</EndDateTime>
		<EndTestTime>1745422442</EndTestTime>
		<ElapsedMinutes>0</ElapsedMinutes>
	</Testing>
</Site>
