Start testing: Apr 23 13:55 CEST
----------------------------------------------------------
1/4 Testing: TestHeapEditing
1/4 Test: TestHeapEditing
Command: "/usr/bin/python3.13" "run_tests.py" "/home/dario/universidad/eedd/p4/priority_queue/build//test_heap" "01_heap_editing"
Directory: /home/dario/universidad/eedd/p4/priority_queue
"TestHeapEditing" start time: Apr 23 13:55 CEST
Output:
----------------------------------------------------------
Test running: 01_heap_editing/00 ... [32mTest passed.[0m
Test running: 01_heap_editing/01 ... [32mTest passed.[0m
Test running: 01_heap_editing/02 ... [31mTest finished with error code -11[0m

Test running: 01_heap_editing/03 ... [31mTest finished with error code -6[0m
test_heap: /home/dario/universidad/eedd/p4/priority_queue/heap_imp.hpp:206: void Heap<T>::insert(const T&) [with T = int]: Assertion `is_a_heap()' failed.

Test running: 01_heap_editing/04 ... [31mTest finished with error code -11[0m

Test running: 01_heap_editing/05 ... [31mTest finished with error code -6[0m
test_heap: /home/dario/universidad/eedd/p4/priority_queue/heap_imp.hpp:206: void Heap<T>::insert(const T&) [with T = int]: Assertion `is_a_heap()' failed.

Test running: 01_heap_editing/06 ... [31mTest finished with error code -11[0m

Test running: 01_heap_editing/07 ... [31mTest finished with error code -6[0m
test_heap: /home/dario/universidad/eedd/p4/priority_queue/heap_imp.hpp:206: void Heap<T>::insert(const T&) [with T = int]: Assertion `is_a_heap()' failed.

Test running: 01_heap_editing/08 ... [31mTest finished with error code -6[0m
test_heap: /home/dario/universidad/eedd/p4/priority_queue/heap_imp.hpp:206: void Heap<T>::insert(const T&) [with T = int]: Assertion `is_a_heap()' failed.

Test running: 01_heap_editing/09 ... [31mTest finished with error code -11[0m

2/10 tests passed.
<end of output>
Test time =   0.91 sec
----------------------------------------------------------
Test Failed.
"TestHeapEditing" end time: Apr 23 13:55 CEST
"TestHeapEditing" time elapsed: 00:00:00
----------------------------------------------------------

End testing: Apr 23 13:55 CEST
