Start testing: Apr 23 17:34 CEST
----------------------------------------------------------
4/4 Testing: TestPQueue
4/4 Test: TestPQueue
Command: "/usr/bin/python3.13" "run_tests.py" "/home/dario/universidad/eedd/p4/priority_queue/build//test_pqueue" "04_pqueue"
Directory: /home/dario/universidad/eedd/p4/priority_queue
"TestPQueue" start time: Apr 23 17:34 CEST
Output:
----------------------------------------------------------
Test running: 04_pqueue/00 ... [32mTest passed.[0m
Test running: 04_pqueue/01 ... [32mTest passed.[0m
Test running: 04_pqueue/02 ... [32mTest passed.[0m
Test running: 04_pqueue/03 ... [32mTest passed.[0m
Test running: 04_pqueue/04 ... [32mTest passed.[0m
5/5 tests passed.
<end of output>
Test time =   0.05 sec
----------------------------------------------------------
Test Passed.
"TestPQueue" end time: Apr 23 17:34 CEST
"TestPQueue" time elapsed: 00:00:00
----------------------------------------------------------

End testing: Apr 23 17:34 CEST
