<?xml version="1.0" encoding="UTF-8"?>
<Site BuildName="(empty)"
	BuildStamp="20250326-1140-Experimental"
	Name="(empty)"
	Generator="ctest-3.31.6"
	CompilerName=""
	CompilerVersion=""
	OSName="Linux"
	Hostname="archlinux"
	OSRelease="6.12.20-1-lts"
	OSVersion="#1 SMP PREEMPT_DYNAMIC Sun, 23 Mar 2025 08:02:10 +0000"
	OSPlatform="x86_64"
	Is64Bits="1"
	VendorString="AuthenticAMD"
	VendorID="Advanced Micro Devices"
	FamilyID="23"
	ModelID="104"
	ModelName="AMD Ryzen 7 5700U with Radeon Graphics"
	ProcessorCacheSize="512"
	NumberOfLogicalCPU="16"
	NumberOfPhysicalCPU="8"
	TotalVirtualMemory="0"
	TotalPhysicalMemory="13818"
	LogicalProcessorsPerPhysical="2"
	ProcessorClockFrequency="4341.71"
	>
	<Testing>
		<StartDateTime>Mar 26 12:46 CET</StartDateTime>
		<StartTestTime>1742989586</StartTestTime>
		<TestList>
			<Test>/home/dario/universidad/eedd/p2/kdtree/binary_tree/TestBTreeInOrder</Test>
		</TestList>
		<Test Status="passed">
			<Name>TestBTreeInOrder</Name>
			<Path>/home/dario/universidad/eedd/p2/kdtree/binary_tree</Path>
			<FullName>/home/dario/universidad/eedd/p2/kdtree/binary_tree/TestBTreeInOrder</FullName>
			<FullCommandLine>/usr/bin/python3.13 "run_tests.py" "/home/dario/universidad/eedd/p2/kdtree/build/binary_tree//test_btree" "05_tests_inorder"</FullCommandLine>
			<Results>
				<NamedMeasurement type="numeric/double" name="Execution Time">
					<Value>0.067573</Value>
				</NamedMeasurement>
				<NamedMeasurement type="numeric/double" name="Processors">
					<Value>1</Value>
				</NamedMeasurement>
				<NamedMeasurement type="text/string" name="Completion Status">
					<Value>Completed</Value>
				</NamedMeasurement>
				<NamedMeasurement type="text/string" name="Command Line">
					<Value>/usr/bin/python3.13 "run_tests.py" "/home/dario/universidad/eedd/p2/kdtree/build/binary_tree//test_btree" "05_tests_inorder"</Value>
				</NamedMeasurement>
				<NamedMeasurement type="text/string" name="Environment">
					<Value>#CTEST_RESOURCE_GROUP_COUNT=</Value>
				</NamedMeasurement>
				<Measurement>
					<Value encoding="base64" compression="gzip">eJyl0DsKgDAQhOHeK9jsCWLirgqeI10KEQxiYZRE7+8DbBWcdpiv+a1PG8U9hCmMLemq284hdVNY4uBjwZqUUpQ7Lmd7Xdc+JT+o3Ok5sx/WALYELANW/lsBWgnQSoBWArQSpFUF2BqwzYs1XBimGzx7dgBBfQTX====</Value>
				</Measurement>
			</Results>
		</Test>
		<EndDateTime>Mar 26 12:46 CET</EndDateTime>
		<EndTestTime>1742989586</EndTestTime>
		<ElapsedMinutes>0</ElapsedMinutes>
	</Testing>
</Site>
