Start testing: May 07 13:52 CEST
----------------------------------------------------------
6/8 Testing: TestHashTable
6/8 Test: TestHashTable
Command: "/usr/bin/python3.13" "run_tests.py" "/home/dario/universidad/eedd/p5/dos_detector-open_addressing/build//test_hash_table" "06_tests_hash_table"
Directory: /home/dario/universidad/eedd/p5/dos_detector-open_addressing
"TestHashTable" start time: May 07 13:52 CEST
Output:
----------------------------------------------------------
Test running: 06_tests_hash_table/00 ... [31mTest finished with error code -6[0m
/usr/include/c++/15.1.1/bits/stl_vector.h:1282: std::vector<_Tp, _Alloc>::const_reference std::vector<_Tp, _Alloc>::operator[](size_type) const [with _Tp = HashTableEntry<int, int>; _Alloc = std::allocator<HashTableEntry<int, int> >; const_reference = const HashTableEntry<int, int>&; size_type = long unsigned int]: Assertion '__n < this->size()' failed.

Test running: 06_tests_hash_table/01 ... [31mTest finished with error code -6[0m
/usr/include/c++/15.1.1/bits/stl_vector.h:1282: std::vector<_Tp, _Alloc>::const_reference std::vector<_Tp, _Alloc>::operator[](size_type) const [with _Tp = HashTableEntry<int, int>; _Alloc = std::allocator<HashTableEntry<int, int> >; const_reference = const HashTableEntry<int, int>&; size_type = long unsigned int]: Assertion '__n < this->size()' failed.

Test running: 06_tests_hash_table/02 ... [31mTest finished with error code -6[0m
/usr/include/c++/15.1.1/bits/stl_vector.h:1282: std::vector<_Tp, _Alloc>::const_reference std::vector<_Tp, _Alloc>::operator[](size_type) const [with _Tp = HashTableEntry<int, int>; _Alloc = std::allocator<HashTableEntry<int, int> >; const_reference = const HashTableEntry<int, int>&; size_type = long unsigned int]: Assertion '__n < this->size()' failed.

Test running: 06_tests_hash_table/03 ... [31mTest finished with error code -6[0m
/usr/include/c++/15.1.1/bits/stl_vector.h:1282: std::vector<_Tp, _Alloc>::const_reference std::vector<_Tp, _Alloc>::operator[](size_type) const [with _Tp = HashTableEntry<int, int>; _Alloc = std::allocator<HashTableEntry<int, int> >; const_reference = const HashTableEntry<int, int>&; size_type = long unsigned int]: Assertion '__n < this->size()' failed.

Test running: 06_tests_hash_table/04 ... [31mTest finished with error code -6[0m
/usr/include/c++/15.1.1/bits/stl_vector.h:1282: std::vector<_Tp, _Alloc>::const_reference std::vector<_Tp, _Alloc>::operator[](size_type) const [with _Tp = HashTableEntry<int, int>; _Alloc = std::allocator<HashTableEntry<int, int> >; const_reference = const HashTableEntry<int, int>&; size_type = long unsigned int]: Assertion '__n < this->size()' failed.

Test running: 06_tests_hash_table/05 ... [31mTest finished with error code -6[0m
/usr/include/c++/15.1.1/bits/stl_vector.h:1282: std::vector<_Tp, _Alloc>::const_reference std::vector<_Tp, _Alloc>::operator[](size_type) const [with _Tp = HashTableEntry<int, int>; _Alloc = std::allocator<HashTableEntry<int, int> >; const_reference = const HashTableEntry<int, int>&; size_type = long unsigned int]: Assertion '__n < this->size()' failed.

Test running: 06_tests_hash_table/06 ... [31mTest finished with error code -6[0m
/usr/include/c++/15.1.1/bits/stl_vector.h:1282: std::vector<_Tp, _Alloc>::const_reference std::vector<_Tp, _Alloc>::operator[](size_type) const [with _Tp = HashTableEntry<int, int>; _Alloc = std::allocator<HashTableEntry<int, int> >; const_reference = const HashTableEntry<int, int>&; size_type = long unsigned int]: Assertion '__n < this->size()' failed.

Test running: 06_tests_hash_table/07 ... [31mTest finished with error code -6[0m
/usr/include/c++/15.1.1/bits/stl_vector.h:1282: std::vector<_Tp, _Alloc>::const_reference std::vector<_Tp, _Alloc>::operator[](size_type) const [with _Tp = HashTableEntry<int, int>; _Alloc = std::allocator<HashTableEntry<int, int> >; const_reference = const HashTableEntry<int, int>&; size_type = long unsigned int]: Assertion '__n < this->size()' failed.

0/8 tests passed.
<end of output>
Test time =   0.95 sec
----------------------------------------------------------
Test Failed.
"TestHashTable" end time: May 07 13:52 CEST
"TestHashTable" time elapsed: 00:00:00
----------------------------------------------------------

End testing: May 07 13:52 CEST
