Start testing: Apr 30 13:59 CEST
----------------------------------------------------------
5/8 Testing: TestHashFunctionRH
5/8 Test: TestHashFunctionRH
Command: "/usr/bin/python3.13" "run_tests.py" "/home/dario/universidad/eedd/p5/dos_detector-open_addressing/build//test_hash_f" "05_tests_hash_function_rh"
Directory: /home/dario/universidad/eedd/p5/dos_detector-open_addressing
"TestHashFunctionRH" start time: Apr 30 13:59 CEST
Output:
----------------------------------------------------------
Test running: 05_tests_hash_function_rh/00 ... [31mTest failed.[0m
Expected output:
[Hashing key 195 (rehashing probing): 15 10 11 12 13 14 15 0 1 2 3 4 5 6 7 8
]
Actual output:
[Hashing key 195 (rehashing probing): 10 11 12 13 14 15 0 1 2 3 4 5 6 7 8 9
]
Test running: 05_tests_hash_function_rh/01 ... [31mTest failed.[0m
Expected output:
[Hashing key 535 (rehashing probing): 12 4 5 6 7 8 9 10 11 12 13 14 15 0 1 2
]
Actual output:
[Hashing key 535 (rehashing probing): 4 5 6 7 8 9 10 11 12 13 14 15 0 1 2 3
]
Test running: 05_tests_hash_function_rh/02 ... [31mTest failed.[0m
Expected output:
[Hashing key 150 (rehashing probing): 1 7 8 9 10 11 12 13 14 15 0 1 2 3 4 5
]
Actual output:
[Hashing key 150 (rehashing probing): 7 8 9 10 11 12 13 14 15 0 1 2 3 4 5 6
]
0/3 tests passed.
<end of output>
Test time =   0.04 sec
----------------------------------------------------------
Test Failed.
"TestHashFunctionRH" end time: Apr 30 13:59 CEST
"TestHashFunctionRH" time elapsed: 00:00:00
----------------------------------------------------------

End testing: Apr 30 13:59 CEST
