<?xml version="1.0" encoding="UTF-8"?>
<Site BuildName="(empty)"
	BuildStamp="20250430-1013-Experimental"
	Name="(empty)"
	Generator="ctest-4.0.1-dirty"
	CompilerName=""
	CompilerVersion=""
	OSName="Linux"
	Hostname="archlinux"
	OSRelease="6.12.27-1-lts"
	OSVersion="#1 SMP PREEMPT_DYNAMIC Mon, 05 May 2025 14:13:34 +0000"
	OSPlatform="x86_64"
	Is64Bits="1"
	VendorString="AuthenticAMD"
	VendorID="Advanced Micro Devices"
	FamilyID="23"
	ModelID="104"
	ModelName="AMD Ryzen 7 5700U with Radeon Graphics"
	ProcessorCacheSize="512"
	NumberOfLogicalCPU="16"
	NumberOfPhysicalCPU="8"
	TotalVirtualMemory="0"
	TotalPhysicalMemory="13818"
	LogicalProcessorsPerPhysical="2"
	ProcessorClockFrequency="2523.34"
	>
	<Testing>
		<StartDateTime>May 07 13:52 CEST</StartDateTime>
		<StartTestTime>1746618777</StartTestTime>
		<TestList>
			<Test>/home/dario/universidad/eedd/p5/dos_detector-open_addressing/TestHashTable</Test>
		</TestList>
		<Test Status="failed">
			<Name>TestHashTable</Name>
			<Path>/home/dario/universidad/eedd/p5/dos_detector-open_addressing</Path>
			<FullName>/home/dario/universidad/eedd/p5/dos_detector-open_addressing/TestHashTable</FullName>
			<FullCommandLine>/usr/bin/python3.13 "run_tests.py" "/home/dario/universidad/eedd/p5/dos_detector-open_addressing/build//test_hash_table" "06_tests_hash_table"</FullCommandLine>
			<Results>
				<NamedMeasurement type="text/string" name="Exit Code">
					<Value>Failed</Value>
				</NamedMeasurement>
				<NamedMeasurement type="text/string" name="Exit Value">
					<Value>1</Value>
				</NamedMeasurement>
				<NamedMeasurement type="numeric/double" name="Execution Time">
					<Value>0.949363</Value>
				</NamedMeasurement>
				<NamedMeasurement type="numeric/double" name="Processors">
					<Value>1</Value>
				</NamedMeasurement>
				<NamedMeasurement type="text/string" name="Completion Status">
					<Value>Completed</Value>
				</NamedMeasurement>
				<NamedMeasurement type="text/string" name="Command Line">
					<Value>/usr/bin/python3.13 "run_tests.py" "/home/dario/universidad/eedd/p5/dos_detector-open_addressing/build//test_hash_table" "06_tests_hash_table"</Value>
				</NamedMeasurement>
				<NamedMeasurement type="text/string" name="Environment">
					<Value>#CTEST_RESOURCE_GROUP_COUNT=</Value>
				</NamedMeasurement>
				<Measurement>
					<Value encoding="base64" compression="gzip">eJztkU9rwjAYxu9+BS/vaTrUpNXpJFbBw2AfoLcioaavNlCTkqQb7tMv7WSHgdt1hVwCeXie998vRevANEpJdWYQrbjzguVlbkvu8mOFNIqAEALDbBFf0tZ9kkraEgt4l64ENEYbELpAmK2GWXQZ0MYaKpWomgKpmExovCQxielROkutq/gbCqcNKVk8X88ZWFcw9qUlPK2nwPdVpcWOMaGVddzgCQ0qgb84dY0m93J2GFv5gdxda3yELg9ZN6f3wxZe/V5pu9aLcuaaSOWm4J/d5lbKW7omeftpCyb3EuAzP+fb3jreyzxs4Hs6b660OkOjrDwrf01vODDYW4vGSa1gxLmCBFwp7WzXxsaPIzjlssKCDAbp39ziwK2X3OaBWy+5LQK3XnJ7Ctx6yW0ZuPWS2ypw6yW358Dt/3GL6Bo6VFDnPuKlT0+ew3s=</Value>
				</Measurement>
			</Results>
		</Test>
		<EndDateTime>May 07 13:52 CEST</EndDateTime>
		<EndTestTime>1746618777</EndTestTime>
		<ElapsedMinutes>0</ElapsedMinutes>
	</Testing>
</Site>
